<?xml version="1.0" encoding="UTF-8"?>
<!-- Generated by org.testng.reporters.JUnitXMLReporter -->
<testsuite ignored="0" hostname="AZJ-L-CQVHNN3" failures="0" tests="5" name="Test" time="122.288" errors="0" timestamp="2024-11-11T10:09:18 GMT-06:00">
  <testcase classname="testBasePack.YouTube" name="playVideo" time="109.152"/>
  <testcase classname="testBasePack.YouTube" name="playVideo" time="111.26"/>
  <testcase classname="testBasePack.YouTube" name="playVideo" time="111.614"/>
  <testcase classname="testBasePack.YouTube" name="playVideo" time="111.909"/>
  <testcase classname="testBasePack.YouTube" name="playVideo" time="115.393"/>
</testsuite> <!-- Test -->
