<?xml version="1.0" encoding="UTF-8"?>
<!-- Generated by org.testng.reporters.JUnitXMLReporter -->
<testsuite ignored="0" hostname="AZJ-L-CQVHNN3" failures="0" tests="5" name="Test1" time="142.59" errors="0" timestamp="2024-11-11T10:11:40 GMT-06:00">
  <testcase classname="testBasePack.YouTube" name="playVideo" time="127.416"/>
  <testcase classname="testBasePack.YouTube" name="playVideo" time="126.282"/>
  <testcase classname="testBasePack.YouTube" name="playVideo" time="119.859"/>
  <testcase classname="testBasePack.YouTube" name="playVideo" time="132.261"/>
  <testcase classname="testBasePack.YouTube" name="playVideo" time="130.773"/>
</testsuite> <!-- Test1 -->
