<?xml version="1.0" encoding="UTF-8"?>
<testng-results ignored="0" total="3" passed="3" failed="0" skipped="0">
  <reporter-output>
  </reporter-output>
  <suite started-at="2024-11-13T22:29:29 IST" name="Selenium Grid Suite" finished-at="2024-11-13T22:33:03 IST" duration-ms="214152">
    <groups>
    </groups>
    <test started-at="2024-11-13T22:29:29 IST" name="Edge Test" finished-at="2024-11-13T22:32:58 IST" duration-ms="208552">
      <class name="testBasePack.GriDClass">
        <test-method is-config="true" signature="config(java.lang.String)[pri:0, instance:testBasePack.GriDClass@6caf0677]" started-at="2024-11-13T22:29:29 IST" name="config" finished-at="2024-11-13T22:29:32 IST" duration-ms="2462" status="PASS">
          <params>
            <param index="0">
              <value>
                <![CDATA[edge]]>
              </value>
            </param>
          </params>
          <reporter-output>
          </reporter-output>
        </test-method> <!-- config -->
        <test-method signature="setUp()[pri:0, instance:testBasePack.GriDClass@6caf0677]" started-at="2024-11-13T22:29:32 IST" name="setUp" finished-at="2024-11-13T22:32:56 IST" duration-ms="204680" status="PASS">
          <reporter-output>
          </reporter-output>
        </test-method> <!-- setUp -->
        <test-method is-config="true" signature="quit()[pri:0, instance:testBasePack.GriDClass@6caf0677]" started-at="2024-11-13T22:32:56 IST" name="quit" finished-at="2024-11-13T22:32:58 IST" duration-ms="1280" status="PASS">
          <reporter-output>
          </reporter-output>
        </test-method> <!-- quit -->
      </class> <!-- testBasePack.GriDClass -->
    </test> <!-- Edge Test -->
    <test started-at="2024-11-13T22:29:29 IST" name="Chrome Test" finished-at="2024-11-13T22:33:00 IST" duration-ms="210629">
      <class name="testBasePack.GriDClass">
        <test-method is-config="true" signature="config(java.lang.String)[pri:0, instance:testBasePack.GriDClass@791f145a]" started-at="2024-11-13T22:29:29 IST" name="config" finished-at="2024-11-13T22:29:32 IST" duration-ms="2789" status="PASS">
          <params>
            <param index="0">
              <value>
                <![CDATA[chrome]]>
              </value>
            </param>
          </params>
          <reporter-output>
          </reporter-output>
        </test-method> <!-- config -->
        <test-method signature="setUp()[pri:0, instance:testBasePack.GriDClass@791f145a]" started-at="2024-11-13T22:29:32 IST" name="setUp" finished-at="2024-11-13T22:33:00 IST" duration-ms="207523" status="PASS">
          <reporter-output>
          </reporter-output>
        </test-method> <!-- setUp -->
        <test-method is-config="true" signature="quit()[pri:0, instance:testBasePack.GriDClass@791f145a]" started-at="2024-11-13T22:33:00 IST" name="quit" finished-at="2024-11-13T22:33:00 IST" duration-ms="194" status="PASS">
          <reporter-output>
          </reporter-output>
        </test-method> <!-- quit -->
      </class> <!-- testBasePack.GriDClass -->
    </test> <!-- Chrome Test -->
    <test started-at="2024-11-13T22:29:29 IST" name="Firefox Test" finished-at="2024-11-13T22:33:03 IST" duration-ms="214152">
      <class name="testBasePack.GriDClass">
        <test-method is-config="true" signature="config(java.lang.String)[pri:0, instance:testBasePack.GriDClass@5b218417]" started-at="2024-11-13T22:29:29 IST" name="config" finished-at="2024-11-13T22:29:36 IST" duration-ms="7208" status="PASS">
          <params>
            <param index="0">
              <value>
                <![CDATA[firefox]]>
              </value>
            </param>
          </params>
          <reporter-output>
          </reporter-output>
        </test-method> <!-- config -->
        <test-method signature="setUp()[pri:0, instance:testBasePack.GriDClass@5b218417]" started-at="2024-11-13T22:29:36 IST" name="setUp" finished-at="2024-11-13T22:33:03 IST" duration-ms="206114" status="PASS">
          <reporter-output>
          </reporter-output>
        </test-method> <!-- setUp -->
        <test-method is-config="true" signature="quit()[pri:0, instance:testBasePack.GriDClass@5b218417]" started-at="2024-11-13T22:33:03 IST" name="quit" finished-at="2024-11-13T22:33:03 IST" duration-ms="707" status="PASS">
          <reporter-output>
          </reporter-output>
        </test-method> <!-- quit -->
      </class> <!-- testBasePack.GriDClass -->
    </test> <!-- Firefox Test -->
  </suite> <!-- Selenium Grid Suite -->
</testng-results>
